<?xml version="1.0" encoding="UTF-8"?>
<!-- Generated by org.testng.reporters.JUnitReportReporter -->
<testsuite hostname="DESKTOP-VH5FID1" failures="0" tests="1" name="TestSuite.CreateOrganization" time="38.359" errors="0" timestamp="2024-07-31T16:21:07 IST" skipped="0">
  <testcase classname="TestSuite.CreateOrganization" name="create_org" time="38.359">
    <system-out>
      <![CDATA[create_orgÏs Executed]]>
    </system-out>
  </testcase> <!-- create_org -->
  <system-out>
    <![CDATA[create_orgÏs Executed]]>
  </system-out>
</testsuite> <!-- TestSuite.CreateOrganization -->
